::1 - - [02/May/2024:05:23:16 +0000] "GET /api/properties/lists?city=Srinagar&limit=2&page=1&order=low&minPrice=0&maxPrice=Infinity&rating=null HTTP/1.1" 200 45
::1 - - [02/May/2024:05:23:25 +0000] "GET /api/properties/lists?city=Bangalore&limit=2&page=1&order=low&minPrice=0&maxPrice=Infinity&rating=null HTTP/1.1" 200 2413
::1 - - [02/May/2024:05:23:32 +0000] "GET /api/users/resorts/661cc1c4f9cefebeeb7b5d78?checkIn=2024-05-10&checkOut=2024-05-30 HTTP/1.1" 200 30520
::1 - - [02/May/2024:05:23:33 +0000] "GET /images/review.png HTTP/1.1" 404 156
::1 - - [02/May/2024:05:29:14 +0000] "GET /api/users/resorts/661cc1c4f9cefebeeb7b5d78?checkIn=2024-05-10&checkOut=2024-05-30 HTTP/1.1" 304 -
::1 - - [02/May/2024:05:29:15 +0000] "GET /images/review.png HTTP/1.1" 404 156
::1 - - [02/May/2024:05:29:35 +0000] "GET /api/users/resorts/661cc1c4f9cefebeeb7b5d78?checkIn=2024-05-10&checkOut=2024-05-30 HTTP/1.1" 304 -
::1 - - [02/May/2024:05:29:35 +0000] "GET /images/review.png HTTP/1.1" 404 156
::1 - - [02/May/2024:05:30:17 +0000] "GET /api/users/resorts/661cc1c4f9cefebeeb7b5d78?checkIn=2024-05-10&checkOut=2024-05-30 HTTP/1.1" 304 -
::1 - - [02/May/2024:05:30:18 +0000] "GET /images/review.png HTTP/1.1" 404 156
::1 - - [02/May/2024:05:32:12 +0000] "POST /api/users/login HTTP/1.1" 200 203
::1 - - [02/May/2024:05:32:13 +0000] "GET /api/users/account HTTP/1.1" 200 342
::1 - - [02/May/2024:05:32:13 +0000] "POST /api/users/login HTTP/1.1" 200 203
::1 - - [02/May/2024:05:32:14 +0000] "GET /api/users/account HTTP/1.1" 304 -
::ffff:127.0.0.1 - - [02/May/2024:05:32:15 +0000] "GET /api/users/resorts HTTP/1.1" 200 100712
::1 - - [02/May/2024:05:32:16 +0000] "GET /api/generalmodel HTTP/1.1" 200 25922
::1 - - [02/May/2024:05:33:27 +0000] "PUT /api/admin/propertydetails/661cea74ee66ea2828f24438 HTTP/1.1" 200 1082
::1 - - [02/May/2024:07:44:27 +0000] "POST /api/users/login HTTP/1.1" 200 203
::1 - - [02/May/2024:07:44:27 +0000] "GET /api/users/account HTTP/1.1" 200 348
::1 - - [02/May/2024:07:44:27 +0000] "GET /api/today/bookings?from=2024-05-02&to=2024-05-02 HTTP/1.1" 200 2
::1 - - [02/May/2024:07:44:28 +0000] "GET /api/bookings/calculate HTTP/1.1" 200 71
::1 - - [02/May/2024:07:44:29 +0000] "GET /api/bookingStatus HTTP/1.1" 200 29728
::1 - - [02/May/2024:10:10:58 +0000] "GET /api/properties/lists?city=Bangalore&limit=2&page=1&order=low&minPrice=0&maxPrice=Infinity&rating=null HTTP/1.1" 304 -
::1 - - [02/May/2024:10:12:47 +0000] "GET /api/properties/lists?city=ooty&limit=2&page=1&order=low&minPrice=0&maxPrice=Infinity&rating=null HTTP/1.1" 200 45
::1 - - [02/May/2024:10:13:04 +0000] "GET /api/properties/lists?city=Chikmagalur&limit=2&page=1&order=low&minPrice=0&maxPrice=Infinity&rating=null HTTP/1.1" 200 2698
::1 - - [02/May/2024:10:13:04 +0000] "GET /images/1714544798857-hotel.jpg HTTP/1.1" 404 169
::1 - - [02/May/2024:10:17:20 +0000] "POST /api/users/login HTTP/1.1" 200 203
::1 - - [02/May/2024:10:17:20 +0000] "GET /api/users/account HTTP/1.1" 304 -
::1 - - [02/May/2024:10:17:20 +0000] "GET /api/today/bookings?from=2024-05-02&to=2024-05-02 HTTP/1.1" 200 1993
::1 - - [02/May/2024:10:17:21 +0000] "GET /api/bookings/calculate HTTP/1.1" 200 71
::1 - - [02/May/2024:10:17:21 +0000] "GET /api/bookingStatus HTTP/1.1" 200 31639
::1 - - [02/May/2024:10:43:33 +0000] "GET /api/properties/lists?city=Bangalore&limit=2&page=1&order=low&minPrice=0&maxPrice=Infinity&rating=null HTTP/1.1" 304 -
::1 - - [02/May/2024:10:43:40 +0000] "GET /api/properties/lists?city=Bangalore&limit=2&page=1&order=low&minPrice=0&maxPrice=Infinity&rating=null HTTP/1.1" 304 -
::1 - - [02/May/2024:10:43:42 +0000] "GET /api/users/resorts/661cc1c4f9cefebeeb7b5d78?checkIn=2024-05-03&checkOut=2024-05-04 HTTP/1.1" 200 31797
::1 - - [02/May/2024:10:43:42 +0000] "GET /images/review.png HTTP/1.1" 404 156
::1 - - [02/May/2024:10:43:58 +0000] "GET /api/users/resorts/661cc1c4f9cefebeeb7b5d78?checkIn=2024-05-03&checkOut=2024-05-04 HTTP/1.1" 304 -
::1 - - [02/May/2024:10:43:59 +0000] "GET /images/review.png HTTP/1.1" 404 156
::1 - - [02/May/2024:10:44:10 +0000] "POST /api/users/login HTTP/1.1" 200 201
::1 - - [02/May/2024:10:44:10 +0000] "GET /api/users/account HTTP/1.1" 304 -
::1 - - [02/May/2024:10:44:11 +0000] "GET /api/users/resorts/661cc1c4f9cefebeeb7b5d78/recentsearches?checkIn=2024-05-03&checkOut=2024-05-04 HTTP/1.1" 200 31797
::1 - - [02/May/2024:10:44:11 +0000] "GET /images/review.png HTTP/1.1" 404 156
::1 - - [02/May/2024:10:44:17 +0000] "POST /api/bookings HTTP/1.1" 200 17
::1 - - [02/May/2024:10:44:20 +0000] "GET /api/users/account HTTP/1.1" 200 6859
::1 - - [02/May/2024:11:15:47 +0000] "POST /api/users HTTP/1.1" 201 343
::1 - - [02/May/2024:11:16:04 +0000] "POST /api/users/verifyEmail HTTP/1.1" 200 14
::1 - - [02/May/2024:11:16:10 +0000] "POST /api/users/login HTTP/1.1" 200 203
::1 - - [02/May/2024:11:16:10 +0000] "GET /api/users/account HTTP/1.1" 200 342
::ffff:127.0.0.1 - - [02/May/2024:11:16:10 +0000] "GET /api/users/resorts HTTP/1.1" 200 2
::1 - - [02/May/2024:11:16:11 +0000] "GET /api/generalmodel HTTP/1.1" 200 2
::1 - - [02/May/2024:11:54:58 +0000] "POST /api/users HTTP/1.1" 201 362
::1 - - [02/May/2024:11:55:16 +0000] "POST /api/users/verifyEmail HTTP/1.1" 200 14
::1 - - [02/May/2024:11:55:44 +0000] "POST /api/users/login HTTP/1.1" 200 201
::1 - - [02/May/2024:11:55:45 +0000] "GET /api/users/account HTTP/1.1" 200 361
::1 - - [02/May/2024:11:55:45 +0000] "GET /api/users/account HTTP/1.1" 304 -
::1 - - [02/May/2024:11:55:55 +0000] "GET /api/users/account?page=1&limit=0 HTTP/1.1" 200 361
::1 - - [02/May/2024:11:56:00 +0000] "GET /api/users/account HTTP/1.1" 304 -
::1 - - [02/May/2024:11:57:08 +0000] "POST /api/users HTTP/1.1" 201 362
::1 - - [02/May/2024:11:57:39 +0000] "POST /api/users/verifyEmail HTTP/1.1" 400 23
::1 - - [02/May/2024:11:57:45 +0000] "POST /api/users/verifyEmail HTTP/1.1" 400 23
::1 - - [02/May/2024:11:58:02 +0000] "POST /api/users/verifyEmail HTTP/1.1" 200 14
::1 - - [02/May/2024:12:10:14 +0000] "GET /api/properties/lists?city=Bangalore&limit=2&page=1&order=low&minPrice=0&maxPrice=Infinity&rating=null HTTP/1.1" 200 45
::1 - - [02/May/2024:12:10:28 +0000] "GET /api/properties/lists?city=Bangalore&limit=2&page=1&order=low&minPrice=0&maxPrice=Infinity&rating=null HTTP/1.1" 200 1204
::1 - - [02/May/2024:12:10:28 +0000] "GET /images/1714651602022-resort1b.jpg HTTP/1.1" 404 172
::1 - - [02/May/2024:12:13:02 +0000] "POST /api/users HTTP/1.1" 201 343
::1 - - [02/May/2024:12:13:32 +0000] "POST /api/users/verifyEmail HTTP/1.1" 200 14
::1 - - [02/May/2024:12:26:20 +0000] "GET /api/properties/lists?city=Bangalore&limit=2&page=1&order=low&minPrice=0&maxPrice=Infinity&rating=null HTTP/1.1" 304 -
::1 - - [02/May/2024:12:26:21 +0000] "GET /images/1714651602022-resort1b.jpg HTTP/1.1" 404 172
::1 - - [02/May/2024:12:26:22 +0000] "GET /api/users/resorts/663380816f0b398c32840f8d?checkIn=2024-05-03&checkOut=2024-05-05 HTTP/1.1" 200 3755
::1 - - [02/May/2024:12:26:22 +0000] "GET /images/1714651602022-resort1b.jpg HTTP/1.1" 404 172
::1 - - [02/May/2024:12:26:22 +0000] "GET /images/1714651602029-resort1d.jpg HTTP/1.1" 404 172
::1 - - [02/May/2024:12:26:22 +0000] "GET /images/1714651426497-room1a.jpg HTTP/1.1" 404 170
::1 - - [02/May/2024:12:26:22 +0000] "GET /images/1714651426517-room1b.jpg HTTP/1.1" 404 170
::1 - - [02/May/2024:12:26:22 +0000] "GET /images/1714651522997-room1c.jpg HTTP/1.1" 404 170
::1 - - [02/May/2024:12:26:22 +0000] "GET /images/1714651523012-room1d%20-%20Copy.jpg HTTP/1.1" 404 181
::1 - - [02/May/2024:12:34:58 +0000] "POST /api/users HTTP/1.1" 201 347
::1 - - [02/May/2024:12:35:08 +0000] "POST /api/users/verifyEmail HTTP/1.1" 200 14
::1 - - [02/May/2024:12:35:14 +0000] "POST /api/users/login HTTP/1.1" 200 203
::1 - - [02/May/2024:12:35:14 +0000] "GET /api/users/account HTTP/1.1" 200 346
::1 - - [02/May/2024:12:35:14 +0000] "GET /api/owners/property HTTP/1.1" 200 4
::1 - - [02/May/2024:12:35:15 +0000] "GET /api/today/bookings?from=2024-05-02&to=2024-05-02 HTTP/1.1" 304 -
::ffff:127.0.0.1 - - [02/May/2024:12:35:16 +0000] "GET /api/owners/amenities HTTP/1.1" 200 2194
::ffff:127.0.0.1 - - [02/May/2024:12:46:02 +0000] "POST /api/owners/propertydetails HTTP/1.1" 200 1037
::1 - - [02/May/2024:12:48:17 +0000] "POST /api/roomphotos HTTP/1.1" 500 263
::1 - - [02/May/2024:12:48:32 +0000] "POST /api/roomphotos HTTP/1.1" 500 263
::1 - - [02/May/2024:12:48:40 +0000] "POST /api/roomphotos HTTP/1.1" 500 263
::1 - - [02/May/2024:12:49:23 +0000] "POST /api/roomphotos HTTP/1.1" 200 58
::ffff:127.0.0.1 - - [02/May/2024:12:49:24 +0000] "POST /api/owners/propertydetails/roomtypemodel HTTP/1.1" 200 757
::1 - - [02/May/2024:12:50:56 +0000] "POST /api/roomphotos HTTP/1.1" 200 57
::ffff:127.0.0.1 - - [02/May/2024:12:50:56 +0000] "POST /api/owners/propertydetails/roomtypemodel HTTP/1.1" 200 804
::1 - - [02/May/2024:12:51:14 +0000] "POST /api/propertyphotos HTTP/1.1" 200 1098
::1 - - [02/May/2024:12:51:31 +0000] "GET /api/static-data HTTP/1.1" 304 -
::1 - - [02/May/2024:12:52:28 +0000] "POST /api/documentsphotos HTTP/1.1" 200 49
::ffff:127.0.0.1 - - [02/May/2024:12:52:54 +0000] "POST /api/owners/propertydetails/generalModel HTTP/1.1" 200 649
::1 - - [02/May/2024:12:52:54 +0000] "GET /api/owners/property HTTP/1.1" 200 1098
::1 - - [02/May/2024:12:52:54 +0000] "GET /api/today/bookings?from=2024-05-02&to=2024-05-02 HTTP/1.1" 304 -
::1 - - [02/May/2024:12:53:14 +0000] "GET /api/bookings/calculate HTTP/1.1" 200 13
::1 - - [02/May/2024:12:53:14 +0000] "GET /api/bookingStatus HTTP/1.1" 401 29
::1 - - [02/May/2024:12:53:29 +0000] "POST /api/users/login HTTP/1.1" 200 203
::1 - - [02/May/2024:12:53:29 +0000] "GET /api/users/account HTTP/1.1" 200 342
::ffff:127.0.0.1 - - [02/May/2024:12:53:29 +0000] "GET /api/users/resorts HTTP/1.1" 200 5535
::1 - - [02/May/2024:12:53:29 +0000] "GET /api/generalmodel HTTP/1.1" 200 2875
::1 - - [02/May/2024:12:54:39 +0000] "PUT /api/admin/propertydetails/6633853a6f0b398c32840fd4 HTTP/1.1" 200 1079
::1 - - [02/May/2024:12:55:13 +0000] "PUT /api/admin/propertydetails/6633882b6f0b398c32841004 HTTP/1.1" 200 1058
::1 - - [02/May/2024:12:55:25 +0000] "PUT /api/admin/propertydetails/66338b0a269c02dbf3e9632f HTTP/1.1" 200 1097
::1 - - [02/May/2024:13:00:38 +0000] "GET /api/bookings/calculate HTTP/1.1" - -
::1 - - [02/May/2024:13:08:08 +0000] "GET /api/properties/lists?city=Bangalore&limit=2&page=1&order=low&minPrice=0&maxPrice=Infinity&rating=null HTTP/1.1" 200 2415
::1 - - [02/May/2024:13:08:08 +0000] "GET /images/1714652742117-resort2b.jpg HTTP/1.1" 404 172
::1 - - [02/May/2024:13:08:08 +0000] "GET /images/1714651602022-resort1b.jpg HTTP/1.1" 404 172
::1 - - [02/May/2024:13:08:11 +0000] "GET /api/properties/lists?city=Bangalore&limit=2&page=2&order=low&minPrice=0&maxPrice=Infinity&rating=null HTTP/1.1" 200 2511
::1 - - [02/May/2024:13:08:11 +0000] "GET /images/1714653630298-resort3a.jpg HTTP/1.1" 404 172
::1 - - [02/May/2024:13:08:13 +0000] "GET /api/users/resorts/66338b0a269c02dbf3e9632f?checkIn=2024-05-03&checkOut=2024-05-05 HTTP/1.1" 200 3789
::1 - - [02/May/2024:13:10:25 +0000] "GET /api/users/resorts/66338b0a269c02dbf3e9632f?checkIn=2024-05-04&checkOut=2024-05-05 HTTP/1.1" 200 3789
::1 - - [02/May/2024:13:10:32 +0000] "GET /api/users/resorts/66338b0a269c02dbf3e9632f?checkIn=2024-05-04&checkOut=2024-05-07 HTTP/1.1" 200 3789
::1 - - [02/May/2024:13:11:09 +0000] "POST /api/users/login HTTP/1.1" 200 203
::1 - - [02/May/2024:13:11:09 +0000] "GET /api/users/resorts/66338b0a269c02dbf3e9632f/recentsearches?checkIn=2024-05-04&checkOut=2024-05-07 HTTP/1.1" 403 41
::1 - - [02/May/2024:13:11:09 +0000] "GET /api/users/account HTTP/1.1" 304 -
::ffff:127.0.0.1 - - [02/May/2024:13:11:13 +0000] "GET /api/users/resorts HTTP/1.1" 200 7051
::1 - - [02/May/2024:13:11:13 +0000] "GET /api/generalmodel HTTP/1.1" 200 3583
::1 - - [02/May/2024:13:11:19 +0000] "PUT /api/admin/propertydetails/66338f256f0b398c32841098 HTTP/1.1" 200 1199
::1 - - [02/May/2024:13:11:27 +0000] "GET /api/properties/lists?city=Coorg&limit=2&page=1&order=low&minPrice=0&maxPrice=Infinity&rating=null HTTP/1.1" 200 1417
::1 - - [02/May/2024:13:11:27 +0000] "GET /images/1714655354931-resort6b.jpg HTTP/1.1" 404 172
::1 - - [02/May/2024:13:11:33 +0000] "GET /api/properties/lists?city=Bangalore&limit=2&page=1&order=low&minPrice=0&maxPrice=Infinity&rating=null HTTP/1.1" 304 -
::1 - - [02/May/2024:13:11:33 +0000] "GET /images/1714652742117-resort2b.jpg HTTP/1.1" 404 172
::1 - - [02/May/2024:13:11:33 +0000] "GET /images/1714651602022-resort1b.jpg HTTP/1.1" 404 172
::1 - - [02/May/2024:13:11:35 +0000] "GET /api/properties/lists?city=Bangalore&limit=2&page=2&order=low&minPrice=0&maxPrice=Infinity&rating=null HTTP/1.1" 304 -
::1 - - [02/May/2024:13:11:35 +0000] "GET /images/1714653630298-resort3a.jpg HTTP/1.1" 404 172
::1 - - [02/May/2024:13:11:37 +0000] "GET /api/users/resorts/66338b0a269c02dbf3e9632f?checkIn=2024-05-04&checkOut=2024-05-07 HTTP/1.1" 304 -
::1 - - [02/May/2024:16:24:46 +0000] "POST /api/users HTTP/1.1" 201 345
::1 - - [02/May/2024:16:25:02 +0000] "POST /api/users/verifyEmail HTTP/1.1" 200 14
::1 - - [02/May/2024:16:26:26 +0000] "POST /api/users HTTP/1.1" 201 341
::1 - - [02/May/2024:16:26:36 +0000] "POST /api/users/verifyEmail HTTP/1.1" 400 23
::1 - - [02/May/2024:16:26:47 +0000] "POST /api/users/verifyEmail HTTP/1.1" 200 14
::1 - - [02/May/2024:16:42:06 +0000] "GET /api/properties/lists?city=Ooty&limit=2&page=1&order=low&minPrice=0&maxPrice=Infinity&rating=null HTTP/1.1" 200 45
::1 - - [02/May/2024:16:53:36 +0000] "POST /api/users HTTP/1.1" 201 345
::1 - - [02/May/2024:16:53:50 +0000] "POST /api/users/verifyEmail HTTP/1.1" 200 14
::1 - - [02/May/2024:16:59:06 +0000] "POST /api/users HTTP/1.1" 201 343
::1 - - [02/May/2024:16:59:24 +0000] "POST /api/users/verifyEmail HTTP/1.1" 200 14
::1 - - [02/May/2024:17:07:44 +0000] "GET /api/properties/lists?city=Munnar&limit=2&page=1&order=low&minPrice=0&maxPrice=Infinity&rating=null HTTP/1.1" 200 45
::1 - - [02/May/2024:17:10:32 +0000] "GET /api/properties/lists?city=Gokarna&limit=2&page=1&order=low&minPrice=0&maxPrice=Infinity&rating=null HTTP/1.1" 200 45
::1 - - [02/May/2024:17:18:14 +0000] "GET /api/properties/lists?city=Coorg&limit=2&page=1&order=low&minPrice=0&maxPrice=Infinity&rating=null HTTP/1.1" 200 2762
::1 - - [02/May/2024:17:18:15 +0000] "GET /images/1714667943718-about-us-pic.jpg HTTP/1.1" 404 176
::1 - - [02/May/2024:17:18:15 +0000] "GET /images/1714655354931-resort6b.jpg HTTP/1.1" 404 172
::1 - - [02/May/2024:17:18:46 +0000] "GET /api/properties/lists?city=Ooty&limit=2&page=1&order=low&minPrice=0&maxPrice=Infinity&rating=null HTTP/1.1" 200 2629
::1 - - [02/May/2024:17:18:46 +0000] "GET /images/1714668589920-resort1c.jpg HTTP/1.1" 404 172
::1 - - [02/May/2024:17:18:46 +0000] "GET /images/1714669494755-resorts7b.jpg HTTP/1.1" 404 173
::1 - - [02/May/2024:17:18:53 +0000] "GET /api/properties/lists?city=Gokarna&limit=2&page=1&order=low&minPrice=0&maxPrice=Infinity&rating=null HTTP/1.1" 200 1408
::1 - - [02/May/2024:17:18:53 +0000] "GET /images/1714670155124-resort2d.jpg HTTP/1.1" 404 172
::1 - - [02/May/2024:17:19:33 +0000] "POST /api/users HTTP/1.1" 201 353
::1 - - [02/May/2024:17:19:47 +0000] "POST /api/users/verifyEmail HTTP/1.1" 200 14
::1 - - [02/May/2024:17:25:08 +0000] "POST /api/users HTTP/1.1" 201 349
::1 - - [02/May/2024:17:25:23 +0000] "POST /api/users/verifyEmail HTTP/1.1" 200 14
::1 - - [02/May/2024:17:27:08 +0000] "POST /api/users HTTP/1.1" 201 345
::1 - - [02/May/2024:17:27:34 +0000] "POST /api/users/verifyEmail HTTP/1.1" 200 14
::1 - - [02/May/2024:17:33:28 +0000] "GET /api/properties/lists?city=Munnar&limit=2&page=1&order=low&minPrice=0&maxPrice=Infinity&rating=null HTTP/1.1" 304 -
::1 - - [02/May/2024:17:45:12 +0000] "POST /api/users/login HTTP/1.1" 200 203
::1 - - [02/May/2024:17:45:12 +0000] "GET /api/users/account HTTP/1.1" 200 342
::ffff:127.0.0.1 - - [02/May/2024:17:45:13 +0000] "GET /api/users/resorts HTTP/1.1" 200 15745
::1 - - [02/May/2024:17:45:13 +0000] "GET /api/generalmodel HTTP/1.1" 200 7935
::1 - - [02/May/2024:17:45:20 +0000] "PUT /api/admin/propertydetails/6633cc1b8d60645548e81f78 HTTP/1.1" 200 1052
::1 - - [02/May/2024:17:46:03 +0000] "PUT /api/admin/propertydetails/6633cecc8d60645548e81fc2 HTTP/1.1" 200 1134
::1 - - [02/May/2024:17:49:39 +0000] "GET /api/properties/lists?city=Munnar&limit=2&page=1&order=low&minPrice=0&maxPrice=Infinity&rating=null HTTP/1.1" 200 1345
::1 - - [02/May/2024:17:49:39 +0000] "GET /images/1714671802774-resort4e.jpg HTTP/1.1" 404 172
::1 - - [02/May/2024:17:54:34 +0000] "GET /api/users/account HTTP/1.1" 304 -
::ffff:127.0.0.1 - - [02/May/2024:17:54:34 +0000] "GET /api/users/resorts HTTP/1.1" 200 17333
::1 - - [02/May/2024:17:54:34 +0000] "GET /api/generalmodel HTTP/1.1" 200 8680
::1 - - [02/May/2024:17:54:43 +0000] "PUT /api/admin/propertydetails/6633d2348d60645548e8200f HTTP/1.1" 200 1270
::1 - - [03/May/2024:03:48:23 +0000] "GET /api/properties/lists?city=Bangalore&limit=2&page=1&order=low&minPrice=0&maxPrice=Infinity&rating=null HTTP/1.1" 304 -
::1 - - [03/May/2024:03:48:24 +0000] "GET /images/1714652742117-resort2b.jpg HTTP/1.1" 404 172
::1 - - [03/May/2024:03:48:24 +0000] "GET /images/1714651602022-resort1b.jpg HTTP/1.1" 404 172
::1 - - [03/May/2024:03:48:53 +0000] "GET /api/properties/lists?city=Coorg&limit=2&page=1&order=low&minPrice=0&maxPrice=Infinity&rating=null HTTP/1.1" 304 -
::1 - - [03/May/2024:03:48:53 +0000] "GET /images/1714667943718-about-us-pic.jpg HTTP/1.1" 404 176
::1 - - [03/May/2024:03:48:53 +0000] "GET /images/1714655354931-resort6b.jpg HTTP/1.1" 404 172
::1 - - [03/May/2024:03:50:09 +0000] "GET /api/properties/lists?city=Munnar&limit=2&page=1&order=low&minPrice=0&maxPrice=Infinity&rating=null HTTP/1.1" 200 2838
::1 - - [03/May/2024:03:50:09 +0000] "GET /images/1714672392904-about-us-pic.jpg HTTP/1.1" 404 176
::1 - - [03/May/2024:03:50:09 +0000] "GET /images/1714671802774-resort4e.jpg HTTP/1.1" 404 172
::1 - - [03/May/2024:03:50:13 +0000] "GET /api/properties/lists?city=Ooty&limit=2&page=1&order=low&minPrice=0&maxPrice=Infinity&rating=null HTTP/1.1" 304 -
::1 - - [03/May/2024:03:50:13 +0000] "GET /images/1714668589920-resort1c.jpg HTTP/1.1" 404 172
::1 - - [03/May/2024:03:50:13 +0000] "GET /images/1714669494755-resorts7b.jpg HTTP/1.1" 404 173
::1 - - [03/May/2024:03:50:21 +0000] "GET /api/properties/lists?city=Ooty&limit=2&page=1&order=low&minPrice=0&maxPrice=Infinity&rating=null HTTP/1.1" 304 -
::1 - - [03/May/2024:03:50:21 +0000] "GET /images/1714668589920-resort1c.jpg HTTP/1.1" 404 172
::1 - - [03/May/2024:03:50:21 +0000] "GET /images/1714669494755-resorts7b.jpg HTTP/1.1" 404 173
::1 - - [03/May/2024:03:51:29 +0000] "GET /api/properties/lists?city=Ooty&limit=2&page=1&order=low&minPrice=0&maxPrice=Infinity&rating=null HTTP/1.1" 304 -
::1 - - [03/May/2024:03:51:29 +0000] "GET /images/1714669494755-resorts7b.jpg HTTP/1.1" 404 173
::1 - - [03/May/2024:03:51:29 +0000] "GET /images/1714668589920-resort1c.jpg HTTP/1.1" 404 172
::1 - - [03/May/2024:03:51:33 +0000] "GET /api/users/resorts/6633c6678d60645548e81ebb?checkIn=2024-05-04&checkOut=2024-05-05 HTTP/1.1" 200 3869
::1 - - [03/May/2024:03:51:33 +0000] "GET /images/1714669494755-resorts7b.jpg HTTP/1.1" 404 173
::1 - - [03/May/2024:03:51:33 +0000] "GET /images/1714669496018-resort6b.jpg HTTP/1.1" 404 172
::1 - - [03/May/2024:03:51:33 +0000] "GET /images/1714669497791-resort5b.jpg HTTP/1.1" 404 172
::1 - - [03/May/2024:03:51:33 +0000] "GET /images/1714669344292-room1d%20-%20Copy.jpg HTTP/1.1" 404 181
::1 - - [03/May/2024:03:51:34 +0000] "GET /images/1714669344310-room4c.jpg HTTP/1.1" 404 170
::1 - - [03/May/2024:03:51:34 +0000] "GET /images/1714669441839-room2c.jpg HTTP/1.1" 404 170
::1 - - [03/May/2024:03:51:34 +0000] "GET /images/1714669441846-room3b.jpg HTTP/1.1" 404 170
::1 - - [03/May/2024:03:51:34 +0000] "GET /images/1714669441871-room3c.jpg HTTP/1.1" 404 170
::1 - - [03/May/2024:03:56:41 +0000] "POST /api/users/login HTTP/1.1" 200 201
::1 - - [03/May/2024:03:56:41 +0000] "GET /api/users/account HTTP/1.1" 200 361
::1 - - [03/May/2024:03:56:42 +0000] "GET /api/users/resorts/6633c6678d60645548e81ebb/recentsearches?checkIn=2024-05-04&checkOut=2024-05-05 HTTP/1.1" 200 3869
::1 - - [03/May/2024:03:56:42 +0000] "GET /images/1714669494755-resorts7b.jpg HTTP/1.1" 404 173
::1 - - [03/May/2024:03:56:42 +0000] "GET /images/1714669496018-resort6b.jpg HTTP/1.1" 404 172
::1 - - [03/May/2024:03:56:42 +0000] "GET /images/1714669497791-resort5b.jpg HTTP/1.1" 404 172
::1 - - [03/May/2024:03:56:42 +0000] "GET /images/1714669344292-room1d%20-%20Copy.jpg HTTP/1.1" 404 181
::1 - - [03/May/2024:03:56:42 +0000] "GET /images/1714669344310-room4c.jpg HTTP/1.1" 404 170
::1 - - [03/May/2024:03:56:42 +0000] "GET /images/1714669441839-room2c.jpg HTTP/1.1" 404 170
::1 - - [03/May/2024:03:56:42 +0000] "GET /images/1714669441846-room3b.jpg HTTP/1.1" 404 170
::1 - - [03/May/2024:03:56:42 +0000] "GET /images/1714669441871-room3c.jpg HTTP/1.1" 404 170
::1 - - [03/May/2024:03:56:48 +0000] "POST /api/bookings HTTP/1.1" 200 17
::1 - - [03/May/2024:03:56:50 +0000] "GET /api/users/account HTTP/1.1" 200 3317
::1 - - [03/May/2024:03:56:50 +0000] "GET /images/1714669494755-resorts7b.jpg HTTP/1.1" 404 173
::1 - - [03/May/2024:03:57:35 +0000] "POST /api/users/login HTTP/1.1" 200 203
::1 - - [03/May/2024:03:57:35 +0000] "GET /api/users/account HTTP/1.1" 200 344
::1 - - [03/May/2024:03:57:35 +0000] "GET /api/owners/property HTTP/1.1" 200 1123
::1 - - [03/May/2024:03:57:35 +0000] "GET /api/today/bookings?from=2024-05-03&to=2024-05-03 HTTP/1.1" 200 765
::1 - - [03/May/2024:03:57:35 +0000] "GET /api/bookings/calculate HTTP/1.1" 200 41
::1 - - [03/May/2024:03:57:36 +0000] "GET /api/bookingStatus HTTP/1.1" 200 808
::1 - - [03/May/2024:03:57:55 +0000] "PUT /api/bookings/66346080269c02dbf3e964b5?status=approved HTTP/1.1" 200 735
::1 - - [03/May/2024:03:58:09 +0000] "GET /api/users/account HTTP/1.1" 200 3316
::1 - - [03/May/2024:03:58:09 +0000] "GET /api/bookings/66346080269c02dbf3e964b5 HTTP/1.1" 200 762
::1 - - [03/May/2024:03:58:15 +0000] "POST /api/create-checkout-session HTTP/1.1" 200 443
::1 - - [03/May/2024:03:58:41 +0000] "GET /api/users/account HTTP/1.1" 304 -
::1 - - [03/May/2024:03:58:41 +0000] "PUT /api/payments/cs_test_a1AaFigNHrAK6JH9cFTKdDZghBPk5MEmPBEJej0T6QapNOIyXIchpxbqk4/success HTTP/1.1" 200 285
::1 - - [03/May/2024:03:58:43 +0000] "GET /api/users/account HTTP/1.1" 200 3315
::1 - - [03/May/2024:03:58:43 +0000] "GET /images/1714669494755-resorts7b.jpg HTTP/1.1" 404 173
::1 - - [03/May/2024:03:58:54 +0000] "GET /api/users/account?page=1&limit=0 HTTP/1.1" 200 3315
::1 - - [03/May/2024:03:58:54 +0000] "GET /images/1714669494755-resorts7b.jpg HTTP/1.1" 404 173
::1 - - [03/May/2024:03:59:02 +0000] "PUT /api/bookings/in-out/66346080269c02dbf3e964b5?type=isCheckedIn HTTP/1.1" 200 733
::1 - - [03/May/2024:03:59:07 +0000] "PUT /api/bookings/in-out/66346080269c02dbf3e964b5?type=isCheckedOut HTTP/1.1" 200 732
::1 - - [03/May/2024:03:59:16 +0000] "GET /api/users/account HTTP/1.1" 200 3313
::1 - - [03/May/2024:03:59:16 +0000] "GET /api/users/account?page=1&limit=0 HTTP/1.1" 200 3313
::1 - - [03/May/2024:03:59:16 +0000] "GET /images/1714669494755-resorts7b.jpg HTTP/1.1" 404 173
::1 - - [03/May/2024:03:59:45 +0000] "POST /api/reviewsphotos HTTP/1.1" 200 61
::1 - - [03/May/2024:03:59:55 +0000] "POST /api/users/reviews/6633c6678d60645548e81ebb?bookingId=RST1 HTTP/1.1" 201 233
::1 - - [03/May/2024:03:59:56 +0000] "GET /api/users/account HTTP/1.1" 200 3312
::1 - - [03/May/2024:03:59:56 +0000] "GET /images/1714669494755-resorts7b.jpg HTTP/1.1" 404 173
::1 - - [03/May/2024:04:00:06 +0000] "GET /api/users/account?page=1&limit=0 HTTP/1.1" 200 3312
::1 - - [03/May/2024:04:00:06 +0000] "GET /images/1714669494755-resorts7b.jpg HTTP/1.1" 404 173
::1 - - [03/May/2024:04:00:10 +0000] "GET /api/users/account HTTP/1.1" 304 -
::1 - - [03/May/2024:04:00:10 +0000] "GET /images/1714669494755-resorts7b.jpg HTTP/1.1" 404 173
::1 - - [03/May/2024:04:00:14 +0000] "GET /api/properties/lists?city=Ooty&limit=2&page=1&order=low&minPrice=0&maxPrice=Infinity&rating=null HTTP/1.1" 200 2629
::1 - - [03/May/2024:04:00:14 +0000] "GET /images/1714668589920-resort1c.jpg HTTP/1.1" 404 172
::1 - - [03/May/2024:04:00:14 +0000] "GET /images/1714669494755-resorts7b.jpg HTTP/1.1" 404 173
::1 - - [03/May/2024:04:00:17 +0000] "GET /api/users/resorts/6633c6678d60645548e81ebb/recentsearches?checkIn=2024-05-03&checkOut=2024-05-03 HTTP/1.1" 200 4133
::1 - - [03/May/2024:04:00:17 +0000] "GET /images/1714669494755-resorts7b.jpg HTTP/1.1" 404 173
::1 - - [03/May/2024:04:00:17 +0000] "GET /images/1714669496018-resort6b.jpg HTTP/1.1" 404 172
::1 - - [03/May/2024:04:00:17 +0000] "GET /images/1714669497791-resort5b.jpg HTTP/1.1" 404 172
::1 - - [03/May/2024:04:00:17 +0000] "GET /images/1714669344292-room1d%20-%20Copy.jpg HTTP/1.1" 404 181
::1 - - [03/May/2024:04:00:17 +0000] "GET /images/1714669344310-room4c.jpg HTTP/1.1" 404 170
::1 - - [03/May/2024:04:00:17 +0000] "GET /images/1714669441839-room2c.jpg HTTP/1.1" 404 170
::1 - - [03/May/2024:04:00:17 +0000] "GET /images/1714669441846-room3b.jpg HTTP/1.1" 404 170
::1 - - [03/May/2024:04:00:17 +0000] "GET /images/1714669441871-room3c.jpg HTTP/1.1" 404 170
